

Microchip MPLAB XC8 Assembler V2.41 build 20230208172133 
                                                                                               Wed Jun 28 04:02:01 2023

Microchip MPLAB XC8 C Compiler v2.41 (Free license) build 20230208172133 Og9 
     1                           	processor	18F4550
     2                           	fnconf	rparam,??,?,0
     3                           	pagewidth 120
     4                           	opt	flic
     5                           	psect	idataCOMRAM,global,class=CODE,delta=1,noexec
     6                           	psect	cinit,global,reloc=2,class=CODE,delta=1
     7                           	psect	bssCOMRAM,global,class=COMRAM,space=1,delta=1,lowdata,noexec
     8                           	psect	dataCOMRAM,global,class=COMRAM,space=1,delta=1,lowdata,noexec
     9                           	psect	cstackCOMRAM,global,class=COMRAM,space=1,delta=1,lowdata,noexec
    10                           	psect	text0,global,reloc=2,class=CODE,delta=1
    11                           	psect	text1,global,reloc=2,class=CODE,delta=1,group=1
    12                           	psect	text2,global,reloc=2,class=CODE,delta=1,group=1
    13                           	psect	text3,global,reloc=2,class=CODE,delta=1,group=1
    14                           	psect	text4,global,reloc=2,class=CODE,delta=1
    15                           	psect	intcode,global,reloc=2,class=CODE,delta=1
    16                           	psect	intcode_body,global,reloc=2,class=CODE,delta=1
    17                           	psect	intsave_regs,global,class=BIGRAM,space=1,delta=1,noexec
    18                           	psect	rparam,global,class=COMRAM,space=1,delta=1,noexec
    19                           	psect	temp,global,ovrld,common,class=COMRAM,space=1,delta=1
    20                           	psect	idloc,global,abs,ovrld,class=IDLOC,space=5,delta=1,noexec
    21                           	psect	config,global,abs,ovrld,class=CONFIG,space=4,delta=1,noexec
    22   000000                     
    23                           ; Generated 09/02/2023 GMT
    24                           ; 
    25                           ; Copyright © 2023, Microchip Technology Inc. and its subsidiaries ("Microchip")
    26                           ; All rights reserved.
    27                           ; 
    28                           ; This software is developed by Microchip Technology Inc. and its subsidiaries ("Microch
      +                          ip").
    29                           ; 
    30                           ; Redistribution and use in source and binary forms, with or without modification, are
    31                           ; permitted provided that the following conditions are met:
    32                           ; 
    33                           ;     1. Redistributions of source code must retain the above copyright notice, this lis
      +                          t of
    34                           ;        conditions and the following disclaimer.
    35                           ; 
    36                           ;     2. Redistributions in binary form must reproduce the above copyright notice, this 
      +                          list
    37                           ;        of conditions and the following disclaimer in the documentation and/or other
    38                           ;        materials provided with the distribution. Publication is not required when
    39                           ;        this file is used in an embedded application.
    40                           ; 
    41                           ;     3. Microchip's name may not be used to endorse or promote products derived from th
      +                          is
    42                           ;        software without specific prior written permission.
    43                           ; 
    44                           ; THIS SOFTWARE IS PROVIDED BY MICROCHIP "AS IS" AND ANY EXPRESS OR IMPLIED WARRANTIES,
    45                           ; INCLUDING, BUT NOT LIMITED TO, THE IMPLIED WARRANTIES OF MERCHANTABILITY AND FITNESS F
      +                          OR
    46                           ; PURPOSE ARE DISCLAIMED.  IN NO EVENT SHALL MICROCHIP BE LIABLE FOR ANY DIRECT, INDIREC
      +                          T,
    47                           ; INCIDENTAL, SPECIAL, EXEMPLARY, OR CONSEQUENTIAL DAMAGES (INCLUDING BUT NOT LIMITED TO
    48                           ; PROCUREMENT OF SUBSTITUTE GOODS OR SERVICES; LOSS OF USE, DATA OR PROFITS; OR BUSINESS
    49                           ; INTERRUPTION) HOWSOEVER CAUSED AND ON ANY THEORY OF LIABILITY, WHETHER IN CONTRACT, ST
      +                          RICT
    50                           ; LIABILITY, OR TORT (INCLUDING NEGLIGENCE OR OTHERWISE) ARISING IN ANY WAY OUT OF THE U
      +                          SE OF
    51                           ; THIS SOFTWARE, EVEN IF ADVISED OF THE POSSIBILITY OF SUCH DAMAGE.
    52                           ; 
    53                           ; 
    54                           ; Code-generator required, PIC18F4550 Definitions
    55                           ; 
    56                           ; SFR Addresses
    57   000000                     
    58                           	psect	idataCOMRAM
    59   0003D8                     __pidataCOMRAM:
    60                           	callstack 0
    61                           
    62                           ;initializer for _b
    63   0003D8  0030               	dw	48
    64                           
    65                           ;initializer for _a
    66   0003DA  0BB8               	dw	3000
    67   000000                     _PORTB	set	3969
    68   000000                     _TRISB	set	3987
    69   000000                     _RC2	set	31762
    70   000000                     _TRISC1	set	31905
    71   000000                     _TRMT	set	32097
    72   000000                     _RA2	set	31746
    73   000000                     _LATD3	set	31843
    74   000000                     _LATD2	set	31842
    75   000000                     _LATD1	set	31841
    76   000000                     _TMR1ON	set	32360
    77   000000                     _LATD0	set	31840
    78   000000                     _RA3	set	31747
    79   000000                     _RA1	set	31745
    80   000000                     _RBIE	set	32659
    81   000000                     _RBIF	set	32656
    82   000000                     _TMR3ON	set	32136
    83   000000                     _GIE	set	32663
    84   000000                     _TRISA0	set	31888
    85   000000                     _TRISA1	set	31889
    86   000000                     _TRISA2	set	31890
    87   000000                     _LATB	set	3978
    88   000000                     _LATD	set	3980
    89   000000                     _ADCON1	set	4033
    90   000000                     _OSCCON	set	4051
    91   000000                     _RA0	set	31744
    92   000000                     _TRISA3	set	31891
    93   000000                     _RBPU	set	32655
    94   000000                     _PEIE	set	32662
    95   000000                     _T1CON	set	4045
    96   000000                     _TMR3	set	4018
    97   000000                     _TRISD	set	3989
    98   000000                     _T3CON	set	4017
    99   000000                     _CCP1IF	set	31986
   100   000000                     _TMR3IE	set	32001
   101   000000                     _TMR3IF	set	32009
   102   000000                     _CCPR2	set	4027
   103   000000                     _BAUDCON	set	4024
   104   000000                     _CCP2CON	set	4026
   105   000000                     _CCPR1	set	4030
   106   000000                     _CCP1CON	set	4029
   107   000000                     _RCSTA	set	4011
   108   000000                     _TXSTA	set	4012
   109   000000                     _TXREG	set	4013
   110   000000                     _SPBRG	set	4015
   111   000000                     _TMR1	set	4046
   112                           
   113                           ; #config settings
   114                           
   115                           	psect	cinit
   116   000374                     __pcinit:
   117                           	callstack 0
   118   000374                     start_initialization:
   119                           	callstack 0
   120   000374                     __initialization:
   121                           	callstack 0
   122                           
   123                           ; Initialize objects allocated to COMRAM (4 bytes)
   124                           ; load TBLPTR registers with __pidataCOMRAM
   125   000374  0ED8               	movlw	low __pidataCOMRAM
   126   000376  6EF6               	movwf	tblptrl,c
   127   000378  0E03               	movlw	high __pidataCOMRAM
   128   00037A  6EF7               	movwf	tblptrh,c
   129   00037C  0E00               	movlw	low (__pidataCOMRAM shr (0+16))
   130   00037E  6EF8               	movwf	tblptru,c
   131   000380  EE00  F00C         	lfsr	0,__pdataCOMRAM
   132   000384  EE10 F004          	lfsr	1,4
   133   000388                     copy_data0:
   134   000388  0009               	tblrd		*+
   135   00038A  CFF5 FFEE          	movff	tablat,postinc0
   136   00038E  50E5               	movf	postdec1,w,c
   137   000390  50E1               	movf	fsr1l,w,c
   138   000392  E1FA               	bnz	copy_data0
   139                           
   140                           ; Clear objects allocated to COMRAM (2 bytes)
   141   000394  6A11               	clrf	(__pbssCOMRAM+1)& (0+255),c
   142   000396  6A10               	clrf	__pbssCOMRAM& (0+255),c
   143   000398                     end_of_initialization:
   144                           	callstack 0
   145   000398                     __end_of__initialization:
   146                           	callstack 0
   147   000398  9012               	bcf	int$flags,0,c	;clear compiler interrupt flag (level 1)
   148   00039A  9212               	bcf	int$flags,1,c	;clear compiler interrupt flag (level 2)
   149   00039C  0100               	movlb	0
   150   00039E  EF09  F000         	goto	_main	;jump to C main() function
   151                           
   152                           	psect	bssCOMRAM
   153   000010                     __pbssCOMRAM:
   154                           	callstack 0
   155   000010                     _bandera2:
   156                           	callstack 0
   157   000010                     	ds	1
   158   000011                     _bandera:
   159                           	callstack 0
   160   000011                     	ds	1
   161                           
   162                           	psect	dataCOMRAM
   163   00000C                     __pdataCOMRAM:
   164                           	callstack 0
   165   00000C                     _b:
   166                           	callstack 0
   167   00000C                     	ds	2
   168   00000E                     _a:
   169                           	callstack 0
   170   00000E                     	ds	2
   171                           
   172                           	psect	cstackCOMRAM
   173   000001                     __pcstackCOMRAM:
   174                           	callstack 0
   175   000001                     ?___lwdiv:
   176                           	callstack 0
   177   000001                     Transmitir@BufferT:
   178                           	callstack 0
   179   000001                     ___lbmod@divisor:
   180                           	callstack 0
   181   000001                     ___lwdiv@dividend:
   182                           	callstack 0
   183                           
   184                           ; 2 bytes @ 0x0
   185   000001                     	ds	1
   186   000002                     ___lbmod@dividend:
   187                           	callstack 0
   188                           
   189                           ; 1 bytes @ 0x1
   190   000002                     	ds	1
   191   000003                     ___lbmod@counter:
   192                           	callstack 0
   193   000003                     ___lwdiv@divisor:
   194                           	callstack 0
   195                           
   196                           ; 2 bytes @ 0x2
   197   000003                     	ds	1
   198   000004                     ___lbmod@rem:
   199                           	callstack 0
   200                           
   201                           ; 1 bytes @ 0x3
   202   000004                     	ds	1
   203   000005                     ___lbdiv@divisor:
   204                           	callstack 0
   205   000005                     ___lwdiv@quotient:
   206                           	callstack 0
   207                           
   208                           ; 2 bytes @ 0x4
   209   000005                     	ds	1
   210   000006                     ___lbdiv@dividend:
   211                           	callstack 0
   212                           
   213                           ; 1 bytes @ 0x5
   214   000006                     	ds	1
   215   000007                     ___lbdiv@counter:
   216                           	callstack 0
   217   000007                     ___lwdiv@counter:
   218                           	callstack 0
   219                           
   220                           ; 1 bytes @ 0x6
   221   000007                     	ds	1
   222   000008                     ___lbdiv@quotient:
   223                           	callstack 0
   224                           
   225                           ; 1 bytes @ 0x7
   226   000008                     	ds	1
   227   000009                     ??_main:
   228                           
   229                           ; 1 bytes @ 0x8
   230   000009                     	ds	2
   231   00000B                     main@d:
   232                           	callstack 0
   233                           
   234                           ; 1 bytes @ 0xA
   235   00000B                     	ds	1
   236                           
   237 ;;
   238 ;;Main: autosize = 0, tempsize = 2, incstack = 0, save=0
   239 ;;
   240 ;; *************** function _main *****************
   241 ;; Defined at:
   242 ;;		line 20 in file "C:/Users/dsone/MPLABXProjects/Proyecto_Sensores.X/Proyecto_Sensores.c"
   243 ;; Parameters:    Size  Location     Type
   244 ;;		None
   245 ;; Auto vars:     Size  Location     Type
   246 ;;  t               2    0        unsigned int 
   247 ;;  d               1   10[COMRAM] unsigned char 
   248 ;; Return value:  Size  Location     Type
   249 ;;                  1    wreg      void 
   250 ;; Registers used:
   251 ;;		wreg, status,2, status,0, cstack
   252 ;; Tracked objects:
   253 ;;		On entry : 0/0
   254 ;;		On exit  : 0/0
   255 ;;		Unchanged: 0/0
   256 ;; Data sizes:     COMRAM   BANK0   BANK1   BANK2   BANK3   BANK4   BANK5   BANK6   BANK7
   257 ;;      Params:         0       0       0       0       0       0       0       0       0
   258 ;;      Locals:         1       0       0       0       0       0       0       0       0
   259 ;;      Temps:          2       0       0       0       0       0       0       0       0
   260 ;;      Totals:         3       0       0       0       0       0       0       0       0
   261 ;;Total ram usage:        3 bytes
   262 ;; Hardware stack levels required when called: 2
   263 ;; This function calls:
   264 ;;		_Transmitir
   265 ;;		___lbdiv
   266 ;;		___lbmod
   267 ;;		___lwdiv
   268 ;; This function is called by:
   269 ;;		Startup code after reset
   270 ;; This function uses a non-reentrant model
   271 ;;
   272                           
   273                           	psect	text0
   274   000012                     __ptext0:
   275                           	callstack 0
   276   000012                     _main:
   277                           	callstack 29
   278                           
   279                           ;Proyecto_Sensores.c: 21: unsigned int t;;Proyecto_Sensores.c: 22: unsigned char d;;Proy
      +                          ecto_Sensores.c: 23: OSCCON=0b01110000;
   280                           
   281                           ;incstack = 0
   282   000012  0E70               	movlw	112
   283   000014  6ED3               	movwf	211,c	;volatile
   284                           
   285                           ;Proyecto_Sensores.c: 24: ADCON1=15;
   286   000016  0E0F               	movlw	15
   287   000018  6EC1               	movwf	193,c	;volatile
   288                           
   289                           ;Proyecto_Sensores.c: 25: TRISA3=0;
   290   00001A  9692               	bcf	3986,3,c	;volatile
   291                           
   292                           ;Proyecto_Sensores.c: 26: TRISA2=0;
   293   00001C  9492               	bcf	3986,2,c	;volatile
   294                           
   295                           ;Proyecto_Sensores.c: 27: TRISA1=1;
   296   00001E  8292               	bsf	3986,1,c	;volatile
   297                           
   298                           ;Proyecto_Sensores.c: 28: TRISA0=0;
   299   000020  9092               	bcf	3986,0,c	;volatile
   300                           
   301                           ;Proyecto_Sensores.c: 30: _delay((unsigned long)((1)*(8000000/4000.0)));
   302   000022  0E03               	movlw	3
   303   000024  6E09               	movwf	??_main^0,c
   304   000026  0E98               	movlw	152
   305   000028                     u597:
   306   000028  2EE8               	decfsz	wreg,f,c
   307   00002A  D7FE               	bra	u597
   308   00002C  2E09               	decfsz	??_main^0,f,c
   309   00002E  D7FC               	bra	u597
   310                           
   311                           ;Proyecto_Sensores.c: 31: TRISC1=0;
   312   000030  9294               	bcf	3988,1,c	;volatile
   313                           
   314                           ;Proyecto_Sensores.c: 32: TMR3=25536;
   315   000032  0E63               	movlw	99
   316   000034  6EB3               	movwf	179,c	;volatile
   317   000036  0EC0               	movlw	192
   318   000038  6EB2               	movwf	178,c	;volatile
   319                           
   320                           ;Proyecto_Sensores.c: 33: T3CON=0b10001000;
   321   00003A  0E88               	movlw	136
   322   00003C  6EB1               	movwf	177,c	;volatile
   323                           
   324                           ;Proyecto_Sensores.c: 34: CCPR2=25536+3000;
   325   00003E  0E6F               	movlw	111
   326   000040  6EBC               	movwf	188,c	;volatile
   327   000042  0E78               	movlw	120
   328   000044  6EBB               	movwf	187,c	;volatile
   329                           
   330                           ;Proyecto_Sensores.c: 35: CCP2CON=0b00001001;
   331   000046  0E09               	movlw	9
   332   000048  6EBA               	movwf	186,c	;volatile
   333                           
   334                           ;Proyecto_Sensores.c: 36: TMR3IF=0;
   335   00004A  92A1               	bcf	4001,1,c	;volatile
   336                           
   337                           ;Proyecto_Sensores.c: 37: TMR3IE=1;
   338   00004C  82A0               	bsf	4000,1,c	;volatile
   339                           
   340                           ;Proyecto_Sensores.c: 38: PEIE=1;
   341   00004E  8CF2               	bsf	4082,6,c	;volatile
   342                           
   343                           ;Proyecto_Sensores.c: 39: GIE=1;
   344   000050  8EF2               	bsf	4082,7,c	;volatile
   345                           
   346                           ;Proyecto_Sensores.c: 40: TMR3ON=1;
   347   000052  80B1               	bsf	4017,0,c	;volatile
   348                           
   349                           ;Proyecto_Sensores.c: 42: TRISB = 0b11110000;
   350   000054  0EF0               	movlw	240
   351   000056  6E93               	movwf	147,c	;volatile
   352                           
   353                           ;Proyecto_Sensores.c: 43: TRISD=0;
   354   000058  0E00               	movlw	0
   355   00005A  6E95               	movwf	149,c	;volatile
   356                           
   357                           ;Proyecto_Sensores.c: 44: LATD=0;
   358   00005C  0E00               	movlw	0
   359   00005E  6E8C               	movwf	140,c	;volatile
   360                           
   361                           ;Proyecto_Sensores.c: 45: TXSTA=0b00100000;
   362   000060  0E20               	movlw	32
   363   000062  6EAC               	movwf	172,c	;volatile
   364                           
   365                           ;Proyecto_Sensores.c: 46: RCSTA=0b10000000;
   366   000064  0E80               	movlw	128
   367   000066  6EAB               	movwf	171,c	;volatile
   368                           
   369                           ;Proyecto_Sensores.c: 47: BAUDCON=0b00000000;
   370   000068  0E00               	movlw	0
   371   00006A  6EB8               	movwf	184,c	;volatile
   372                           
   373                           ;Proyecto_Sensores.c: 48: SPBRG=12;
   374   00006C  0E0C               	movlw	12
   375   00006E  6EAF               	movwf	175,c	;volatile
   376                           
   377                           ;Proyecto_Sensores.c: 49: T1CON=0b10010000;
   378   000070  0E90               	movlw	144
   379   000072  6ECD               	movwf	205,c	;volatile
   380                           
   381                           ;Proyecto_Sensores.c: 52: RBPU=0;
   382   000074  9EF1               	bcf	4081,7,c	;volatile
   383                           
   384                           ;Proyecto_Sensores.c: 53: _delay((unsigned long)((100)*(8000000/4000.0)));
   385   000076  0E02               	movlw	2
   386   000078  6E0A               	movwf	(??_main+1)^0,c
   387   00007A  0E04               	movlw	4
   388   00007C  6E09               	movwf	??_main^0,c
   389   00007E  0EBA               	movlw	186
   390   000080                     u607:
   391   000080  2EE8               	decfsz	wreg,f,c
   392   000082  D7FE               	bra	u607
   393   000084  2E09               	decfsz	??_main^0,f,c
   394   000086  D7FC               	bra	u607
   395   000088  2E0A               	decfsz	(??_main+1)^0,f,c
   396   00008A  D7FA               	bra	u607
   397   00008C  D000               	nop2	
   398                           
   399                           ;Proyecto_Sensores.c: 54: RBIF=0;
   400   00008E  90F2               	bcf	4082,0,c	;volatile
   401                           
   402                           ;Proyecto_Sensores.c: 55: RBIE=1;
   403   000090  86F2               	bsf	4082,3,c	;volatile
   404                           
   405                           ;Proyecto_Sensores.c: 56: LATB=0b00000000;
   406   000092  0E00               	movlw	0
   407   000094  6E8A               	movwf	138,c	;volatile
   408                           
   409                           ;Proyecto_Sensores.c: 57: RA0=0;
   410   000096  9080               	bcf	3968,0,c	;volatile
   411   000098                     l1285:
   412                           
   413                           ;Proyecto_Sensores.c: 60: if(RA1==0){
   414   000098  B280               	btfsc	3968,1,c	;volatile
   415   00009A  D002               	goto	l1289
   416                           
   417                           ;Proyecto_Sensores.c: 61: RA3=0;
   418   00009C  9680               	bcf	3968,3,c	;volatile
   419                           
   420                           ;Proyecto_Sensores.c: 62: RA0=0;
   421   00009E  9080               	bcf	3968,0,c	;volatile
   422   0000A0                     l1289:
   423                           
   424                           ;Proyecto_Sensores.c: 63: };Proyecto_Sensores.c: 65: bandera=0;
   425   0000A0  0E00               	movlw	0
   426   0000A2  6E11               	movwf	_bandera^0,c
   427                           
   428                           ;Proyecto_Sensores.c: 66: bandera2=0;
   429   0000A4  0E00               	movlw	0
   430   0000A6  6E10               	movwf	_bandera2^0,c
   431                           
   432                           ;Proyecto_Sensores.c: 68: CCP1CON=0b00000100;
   433   0000A8  0E04               	movlw	4
   434   0000AA  6EBD               	movwf	189,c	;volatile
   435                           
   436                           ;Proyecto_Sensores.c: 69: TMR1=0;
   437   0000AC  0E00               	movlw	0
   438   0000AE  6ECF               	movwf	207,c	;volatile
   439   0000B0  0E00               	movlw	0
   440   0000B2  6ECE               	movwf	206,c	;volatile
   441                           
   442                           ;Proyecto_Sensores.c: 70: CCP1IF=0;
   443   0000B4  949E               	bcf	3998,2,c	;volatile
   444                           
   445                           ;Proyecto_Sensores.c: 71: LATD=0b00000000;
   446   0000B6  0E00               	movlw	0
   447   0000B8  6E8C               	movwf	140,c	;volatile
   448                           
   449                           ;Proyecto_Sensores.c: 72: LATD0=1;
   450   0000BA  808C               	bsf	3980,0,c	;volatile
   451                           
   452                           ;Proyecto_Sensores.c: 73: _delay((unsigned long)((10)*(8000000/4000000.0)));
   453   0000BC  0E06               	movlw	6
   454   0000BE                     u617:
   455   0000BE  2EE8               	decfsz	wreg,f,c
   456   0000C0  D7FE               	bra	u617
   457   0000C2  D000               	nop2	
   458                           
   459                           ;Proyecto_Sensores.c: 74: LATD0=0;
   460   0000C4  908C               	bcf	3980,0,c	;volatile
   461   0000C6                     l109:
   462   0000C6  A482               	btfss	3970,2,c	;volatile
   463   0000C8  D7FE               	goto	l109
   464                           
   465                           ;Proyecto_Sensores.c: 76: TMR1ON=1;
   466   0000CA  80CD               	bsf	4045,0,c	;volatile
   467   0000CC                     l112:
   468   0000CC  A49E               	btfss	3998,2,c	;volatile
   469   0000CE  D7FE               	goto	l112
   470                           
   471                           ;Proyecto_Sensores.c: 78: TMR1ON=0;
   472   0000D0  90CD               	bcf	4045,0,c	;volatile
   473                           
   474                           ;Proyecto_Sensores.c: 80: d=CCPR1/58;
   475   0000D2  CFBE F001          	movff	4030,___lwdiv@dividend	;volatile
   476   0000D6  CFBF F002          	movff	4031,___lwdiv@dividend+1	;volatile
   477   0000DA  0E00               	movlw	0
   478   0000DC  6E04               	movwf	(___lwdiv@divisor+1)^0,c
   479   0000DE  0E3A               	movlw	58
   480   0000E0  6E03               	movwf	___lwdiv@divisor^0,c
   481   0000E2  EC74  F001         	call	___lwdiv	;wreg free
   482   0000E6  5001               	movf	?___lwdiv^0,w,c
   483   0000E8  6E0B               	movwf	main@d^0,c
   484                           
   485                           ;Proyecto_Sensores.c: 81: if(d<20){
   486   0000EA  0E14               	movlw	20
   487   0000EC  600B               	cpfslt	main@d^0,c
   488   0000EE  D00B               	goto	l115
   489                           
   490                           ;Proyecto_Sensores.c: 82: a=2000;
   491   0000F0  0E07               	movlw	7
   492   0000F2  6E0F               	movwf	(_a+1)^0,c
   493   0000F4  0ED0               	movlw	208
   494   0000F6  6E0E               	movwf	_a^0,c
   495                           
   496                           ;Proyecto_Sensores.c: 83: bandera=1;
   497   0000F8  0E01               	movlw	1
   498   0000FA  6E11               	movwf	_bandera^0,c
   499                           
   500                           ;Proyecto_Sensores.c: 84: if(d<10)bandera2=1;
   501   0000FC  0E0A               	movlw	10
   502   0000FE  600B               	cpfslt	main@d^0,c
   503   000100  D002               	goto	l115
   504   000102  0E01               	movlw	1
   505   000104  6E10               	movwf	_bandera2^0,c
   506   000106                     l115:
   507                           
   508                           ;Proyecto_Sensores.c: 85: };Proyecto_Sensores.c: 86: CCP1CON=0b00000100;
   509   000106  0E04               	movlw	4
   510   000108  6EBD               	movwf	189,c	;volatile
   511                           
   512                           ;Proyecto_Sensores.c: 87: TMR1=0;
   513   00010A  0E00               	movlw	0
   514   00010C  6ECF               	movwf	207,c	;volatile
   515   00010E  0E00               	movlw	0
   516   000110  6ECE               	movwf	206,c	;volatile
   517                           
   518                           ;Proyecto_Sensores.c: 88: CCP1IF=0;
   519   000112  949E               	bcf	3998,2,c	;volatile
   520                           
   521                           ;Proyecto_Sensores.c: 89: LATD=0b00010000;
   522   000114  0E10               	movlw	16
   523   000116  6E8C               	movwf	140,c	;volatile
   524                           
   525                           ;Proyecto_Sensores.c: 90: LATD1=1;
   526   000118  828C               	bsf	3980,1,c	;volatile
   527                           
   528                           ;Proyecto_Sensores.c: 91: _delay((unsigned long)((10)*(8000000/4000000.0)));
   529   00011A  0E06               	movlw	6
   530   00011C                     u627:
   531   00011C  2EE8               	decfsz	wreg,f,c
   532   00011E  D7FE               	bra	u627
   533   000120  D000               	nop2	
   534                           
   535                           ;Proyecto_Sensores.c: 92: LATD1=0;
   536   000122  928C               	bcf	3980,1,c	;volatile
   537   000124                     l117:
   538   000124  A482               	btfss	3970,2,c	;volatile
   539   000126  D7FE               	goto	l117
   540                           
   541                           ;Proyecto_Sensores.c: 94: TMR1ON=1;
   542   000128  80CD               	bsf	4045,0,c	;volatile
   543   00012A                     l120:
   544   00012A  A49E               	btfss	3998,2,c	;volatile
   545   00012C  D7FE               	goto	l120
   546                           
   547                           ;Proyecto_Sensores.c: 96: TMR1ON=0;
   548   00012E  90CD               	bcf	4045,0,c	;volatile
   549                           
   550                           ;Proyecto_Sensores.c: 97: d=CCPR1/58;
   551   000130  CFBE F001          	movff	4030,___lwdiv@dividend	;volatile
   552   000134  CFBF F002          	movff	4031,___lwdiv@dividend+1	;volatile
   553   000138  0E00               	movlw	0
   554   00013A  6E04               	movwf	(___lwdiv@divisor+1)^0,c
   555   00013C  0E3A               	movlw	58
   556   00013E  6E03               	movwf	___lwdiv@divisor^0,c
   557   000140  EC74  F001         	call	___lwdiv	;wreg free
   558   000144  5001               	movf	?___lwdiv^0,w,c
   559   000146  6E0B               	movwf	main@d^0,c
   560                           
   561                           ;Proyecto_Sensores.c: 98: if(d<20){
   562   000148  0E14               	movlw	20
   563   00014A  600B               	cpfslt	main@d^0,c
   564   00014C  D00B               	goto	l123
   565                           
   566                           ;Proyecto_Sensores.c: 99: a=2400;
   567   00014E  0E09               	movlw	9
   568   000150  6E0F               	movwf	(_a+1)^0,c
   569   000152  0E60               	movlw	96
   570   000154  6E0E               	movwf	_a^0,c
   571                           
   572                           ;Proyecto_Sensores.c: 100: bandera=1;
   573   000156  0E01               	movlw	1
   574   000158  6E11               	movwf	_bandera^0,c
   575                           
   576                           ;Proyecto_Sensores.c: 101: if(d<10)bandera2=1;
   577   00015A  0E0A               	movlw	10
   578   00015C  600B               	cpfslt	main@d^0,c
   579   00015E  D002               	goto	l123
   580   000160  0E01               	movlw	1
   581   000162  6E10               	movwf	_bandera2^0,c
   582   000164                     l123:
   583                           
   584                           ;Proyecto_Sensores.c: 103: };Proyecto_Sensores.c: 104: CCP1CON=0b00000100;
   585   000164  0E04               	movlw	4
   586   000166  6EBD               	movwf	189,c	;volatile
   587                           
   588                           ;Proyecto_Sensores.c: 105: TMR1=0;
   589   000168  0E00               	movlw	0
   590   00016A  6ECF               	movwf	207,c	;volatile
   591   00016C  0E00               	movlw	0
   592   00016E  6ECE               	movwf	206,c	;volatile
   593                           
   594                           ;Proyecto_Sensores.c: 106: CCP1IF=0;
   595   000170  949E               	bcf	3998,2,c	;volatile
   596                           
   597                           ;Proyecto_Sensores.c: 107: LATD=0b00100000;
   598   000172  0E20               	movlw	32
   599   000174  6E8C               	movwf	140,c	;volatile
   600                           
   601                           ;Proyecto_Sensores.c: 108: LATD2=1;
   602   000176  848C               	bsf	3980,2,c	;volatile
   603                           
   604                           ;Proyecto_Sensores.c: 109: _delay((unsigned long)((10)*(8000000/4000000.0)));
   605   000178  0E06               	movlw	6
   606   00017A                     u637:
   607   00017A  2EE8               	decfsz	wreg,f,c
   608   00017C  D7FE               	bra	u637
   609   00017E  D000               	nop2	
   610                           
   611                           ;Proyecto_Sensores.c: 110: LATD2=0;
   612   000180  948C               	bcf	3980,2,c	;volatile
   613   000182                     l125:
   614   000182  A482               	btfss	3970,2,c	;volatile
   615   000184  D7FE               	goto	l125
   616                           
   617                           ;Proyecto_Sensores.c: 112: TMR1ON=1;
   618   000186  80CD               	bsf	4045,0,c	;volatile
   619   000188                     l128:
   620   000188  A49E               	btfss	3998,2,c	;volatile
   621   00018A  D7FE               	goto	l128
   622                           
   623                           ;Proyecto_Sensores.c: 114: TMR1ON=0;
   624   00018C  90CD               	bcf	4045,0,c	;volatile
   625                           
   626                           ;Proyecto_Sensores.c: 115: d=CCPR1/58;
   627   00018E  CFBE F001          	movff	4030,___lwdiv@dividend	;volatile
   628   000192  CFBF F002          	movff	4031,___lwdiv@dividend+1	;volatile
   629   000196  0E00               	movlw	0
   630   000198  6E04               	movwf	(___lwdiv@divisor+1)^0,c
   631   00019A  0E3A               	movlw	58
   632   00019C  6E03               	movwf	___lwdiv@divisor^0,c
   633   00019E  EC74  F001         	call	___lwdiv	;wreg free
   634   0001A2  5001               	movf	?___lwdiv^0,w,c
   635   0001A4  6E0B               	movwf	main@d^0,c
   636                           
   637                           ;Proyecto_Sensores.c: 116: if(d<20){
   638   0001A6  0E14               	movlw	20
   639   0001A8  600B               	cpfslt	main@d^0,c
   640   0001AA  D00B               	goto	l131
   641                           
   642                           ;Proyecto_Sensores.c: 117: a=3600;
   643   0001AC  0E0E               	movlw	14
   644   0001AE  6E0F               	movwf	(_a+1)^0,c
   645   0001B0  0E10               	movlw	16
   646   0001B2  6E0E               	movwf	_a^0,c
   647                           
   648                           ;Proyecto_Sensores.c: 118: bandera=1;
   649   0001B4  0E01               	movlw	1
   650   0001B6  6E11               	movwf	_bandera^0,c
   651                           
   652                           ;Proyecto_Sensores.c: 119: if(d<10)bandera2=1;
   653   0001B8  0E0A               	movlw	10
   654   0001BA  600B               	cpfslt	main@d^0,c
   655   0001BC  D002               	goto	l131
   656   0001BE  0E01               	movlw	1
   657   0001C0  6E10               	movwf	_bandera2^0,c
   658   0001C2                     l131:
   659                           
   660                           ;Proyecto_Sensores.c: 121: };Proyecto_Sensores.c: 122: CCP1CON=0b00000100;
   661   0001C2  0E04               	movlw	4
   662   0001C4  6EBD               	movwf	189,c	;volatile
   663                           
   664                           ;Proyecto_Sensores.c: 123: TMR1=0;
   665   0001C6  0E00               	movlw	0
   666   0001C8  6ECF               	movwf	207,c	;volatile
   667   0001CA  0E00               	movlw	0
   668   0001CC  6ECE               	movwf	206,c	;volatile
   669                           
   670                           ;Proyecto_Sensores.c: 124: CCP1IF=0;
   671   0001CE  949E               	bcf	3998,2,c	;volatile
   672                           
   673                           ;Proyecto_Sensores.c: 125: LATD=0b00110000;
   674   0001D0  0E30               	movlw	48
   675   0001D2  6E8C               	movwf	140,c	;volatile
   676                           
   677                           ;Proyecto_Sensores.c: 126: LATD3=1;
   678   0001D4  868C               	bsf	3980,3,c	;volatile
   679                           
   680                           ;Proyecto_Sensores.c: 127: _delay((unsigned long)((10)*(8000000/4000000.0)));
   681   0001D6  0E06               	movlw	6
   682   0001D8                     u647:
   683   0001D8  2EE8               	decfsz	wreg,f,c
   684   0001DA  D7FE               	bra	u647
   685   0001DC  D000               	nop2	
   686                           
   687                           ;Proyecto_Sensores.c: 128: LATD3=0;
   688   0001DE  968C               	bcf	3980,3,c	;volatile
   689   0001E0                     l133:
   690   0001E0  A482               	btfss	3970,2,c	;volatile
   691   0001E2  D7FE               	goto	l133
   692                           
   693                           ;Proyecto_Sensores.c: 130: TMR1ON=1;
   694   0001E4  80CD               	bsf	4045,0,c	;volatile
   695   0001E6                     l136:
   696   0001E6  A49E               	btfss	3998,2,c	;volatile
   697   0001E8  D7FE               	goto	l136
   698                           
   699                           ;Proyecto_Sensores.c: 132: TMR1ON=0;
   700   0001EA  90CD               	bcf	4045,0,c	;volatile
   701                           
   702                           ;Proyecto_Sensores.c: 133: d=CCPR1/58;
   703   0001EC  CFBE F001          	movff	4030,___lwdiv@dividend	;volatile
   704   0001F0  CFBF F002          	movff	4031,___lwdiv@dividend+1	;volatile
   705   0001F4  0E00               	movlw	0
   706   0001F6  6E04               	movwf	(___lwdiv@divisor+1)^0,c
   707   0001F8  0E3A               	movlw	58
   708   0001FA  6E03               	movwf	___lwdiv@divisor^0,c
   709   0001FC  EC74  F001         	call	___lwdiv	;wreg free
   710   000200  5001               	movf	?___lwdiv^0,w,c
   711   000202  6E0B               	movwf	main@d^0,c
   712                           
   713                           ;Proyecto_Sensores.c: 134: if(d<20){
   714   000204  0E14               	movlw	20
   715   000206  600B               	cpfslt	main@d^0,c
   716   000208  D00B               	goto	l1363
   717                           
   718                           ;Proyecto_Sensores.c: 135: a=4000;
   719   00020A  0E0F               	movlw	15
   720   00020C  6E0F               	movwf	(_a+1)^0,c
   721   00020E  0EA0               	movlw	160
   722   000210  6E0E               	movwf	_a^0,c
   723                           
   724                           ;Proyecto_Sensores.c: 136: bandera=1;
   725   000212  0E01               	movlw	1
   726   000214  6E11               	movwf	_bandera^0,c
   727                           
   728                           ;Proyecto_Sensores.c: 137: if(d<10)bandera2=1;
   729   000216  0E0A               	movlw	10
   730   000218  600B               	cpfslt	main@d^0,c
   731   00021A  D002               	goto	l1363
   732   00021C  0E01               	movlw	1
   733   00021E  6E10               	movwf	_bandera2^0,c
   734   000220                     l1363:
   735                           
   736                           ;Proyecto_Sensores.c: 139: };Proyecto_Sensores.c: 141: if(bandera2==1)RA2=1;
   737   000220  0410               	decf	_bandera2^0,w,c
   738   000222  A4D8               	btfss	status,2,c
   739   000224  D002               	goto	l141
   740   000226  8480               	bsf	3968,2,c	;volatile
   741   000228  D001               	goto	l1367
   742   00022A                     l141:
   743                           
   744                           ;Proyecto_Sensores.c: 142: else RA2=0;
   745   00022A  9480               	bcf	3968,2,c	;volatile
   746   00022C                     l1367:
   747                           
   748                           ;Proyecto_Sensores.c: 143: if (bandera==0)a=3000;
   749   00022C  5011               	movf	_bandera^0,w,c
   750   00022E  A4D8               	btfss	status,2,c
   751   000230  D004               	goto	l1371
   752   000232  0E0B               	movlw	11
   753   000234  6E0F               	movwf	(_a+1)^0,c
   754   000236  0EB8               	movlw	184
   755   000238  6E0E               	movwf	_a^0,c
   756   00023A                     l1371:
   757                           
   758                           ;Proyecto_Sensores.c: 144: Transmitir(d/100 + 48);
   759   00023A  0E64               	movlw	100
   760   00023C  6E05               	movwf	___lbdiv@divisor^0,c
   761   00023E  500B               	movf	main@d^0,w,c
   762   000240  EC9D  F001         	call	___lbdiv
   763   000244  0F30               	addlw	48
   764   000246  ECE6  F001         	call	_Transmitir
   765                           
   766                           ;Proyecto_Sensores.c: 145: Transmitir((d%100)/10 + 48);
   767   00024A  0E0A               	movlw	10
   768   00024C  6E05               	movwf	___lbdiv@divisor^0,c
   769   00024E  0E64               	movlw	100
   770   000250  6E01               	movwf	___lbmod@divisor^0,c
   771   000252  500B               	movf	main@d^0,w,c
   772   000254  ECD1  F001         	call	___lbmod
   773   000258  EC9D  F001         	call	___lbdiv
   774   00025C  0F30               	addlw	48
   775   00025E  ECE6  F001         	call	_Transmitir
   776                           
   777                           ;Proyecto_Sensores.c: 146: Transmitir(d%10 + 48);
   778   000262  0E0A               	movlw	10
   779   000264  6E01               	movwf	___lbmod@divisor^0,c
   780   000266  500B               	movf	main@d^0,w,c
   781   000268  ECD1  F001         	call	___lbmod
   782   00026C  0F30               	addlw	48
   783   00026E  ECE6  F001         	call	_Transmitir
   784                           
   785                           ;Proyecto_Sensores.c: 147: Transmitir(10);
   786   000272  0E0A               	movlw	10
   787   000274  ECE6  F001         	call	_Transmitir
   788                           
   789                           ;Proyecto_Sensores.c: 149: _delay((unsigned long)((500)*(8000000/4000.0)));
   790   000278  0E06               	movlw	6
   791   00027A  6E0A               	movwf	(??_main+1)^0,c
   792   00027C  0E13               	movlw	19
   793   00027E  6E09               	movwf	??_main^0,c
   794   000280  0EAE               	movlw	174
   795   000282                     u657:
   796   000282  2EE8               	decfsz	wreg,f,c
   797   000284  D7FE               	bra	u657
   798   000286  2E09               	decfsz	??_main^0,f,c
   799   000288  D7FC               	bra	u657
   800   00028A  2E0A               	decfsz	(??_main+1)^0,f,c
   801   00028C  D7FA               	bra	u657
   802   00028E  D704               	goto	l1285
   803   000290                     __end_of_main:
   804                           	callstack 0
   805                           
   806 ;; *************** function ___lwdiv *****************
   807 ;; Defined at:
   808 ;;		line 7 in file "C:\Program Files\Microchip\xc8\v2.41\pic\sources\c90\common\lwdiv.c"
   809 ;; Parameters:    Size  Location     Type
   810 ;;  dividend        2    0[COMRAM] unsigned int 
   811 ;;  divisor         2    2[COMRAM] unsigned int 
   812 ;; Auto vars:     Size  Location     Type
   813 ;;  quotient        2    4[COMRAM] unsigned int 
   814 ;;  counter         1    6[COMRAM] unsigned char 
   815 ;; Return value:  Size  Location     Type
   816 ;;                  2    0[COMRAM] unsigned int 
   817 ;; Registers used:
   818 ;;		wreg, status,2, status,0
   819 ;; Tracked objects:
   820 ;;		On entry : 0/0
   821 ;;		On exit  : 0/0
   822 ;;		Unchanged: 0/0
   823 ;; Data sizes:     COMRAM   BANK0   BANK1   BANK2   BANK3   BANK4   BANK5   BANK6   BANK7
   824 ;;      Params:         4       0       0       0       0       0       0       0       0
   825 ;;      Locals:         3       0       0       0       0       0       0       0       0
   826 ;;      Temps:          0       0       0       0       0       0       0       0       0
   827 ;;      Totals:         7       0       0       0       0       0       0       0       0
   828 ;;Total ram usage:        7 bytes
   829 ;; Hardware stack levels used: 1
   830 ;; Hardware stack levels required when called: 1
   831 ;; This function calls:
   832 ;;		Nothing
   833 ;; This function is called by:
   834 ;;		_main
   835 ;; This function uses a non-reentrant model
   836 ;;
   837                           
   838                           	psect	text1
   839   0002E8                     __ptext1:
   840                           	callstack 0
   841   0002E8                     ___lwdiv:
   842                           	callstack 29
   843                           
   844                           ;incstack = 0
   845   0002E8  0E00               	movlw	0
   846   0002EA  6E06               	movwf	(___lwdiv@quotient+1)^0,c
   847   0002EC  0E00               	movlw	0
   848   0002EE  6E05               	movwf	___lwdiv@quotient^0,c
   849   0002F0  5003               	movf	___lwdiv@divisor^0,w,c
   850   0002F2  1004               	iorwf	(___lwdiv@divisor+1)^0,w,c
   851   0002F4  B4D8               	btfsc	status,2,c
   852   0002F6  D01C               	goto	l649
   853   0002F8  0E01               	movlw	1
   854   0002FA  6E07               	movwf	___lwdiv@counter^0,c
   855   0002FC  D004               	goto	l1213
   856   0002FE                     l1211:
   857   0002FE  90D8               	bcf	status,0,c
   858   000300  3603               	rlcf	___lwdiv@divisor^0,f,c
   859   000302  3604               	rlcf	(___lwdiv@divisor+1)^0,f,c
   860   000304  2A07               	incf	___lwdiv@counter^0,f,c
   861   000306                     l1213:
   862   000306  AE04               	btfss	(___lwdiv@divisor+1)^0,7,c
   863   000308  D7FA               	goto	l1211
   864   00030A                     u380:
   865   00030A  90D8               	bcf	status,0,c
   866   00030C  3605               	rlcf	___lwdiv@quotient^0,f,c
   867   00030E  3606               	rlcf	(___lwdiv@quotient+1)^0,f,c
   868   000310  5003               	movf	___lwdiv@divisor^0,w,c
   869   000312  5C01               	subwf	___lwdiv@dividend^0,w,c
   870   000314  5004               	movf	(___lwdiv@divisor+1)^0,w,c
   871   000316  5802               	subwfb	(___lwdiv@dividend+1)^0,w,c
   872   000318  A0D8               	btfss	status,0,c
   873   00031A  D005               	goto	l1223
   874   00031C  5003               	movf	___lwdiv@divisor^0,w,c
   875   00031E  5E01               	subwf	___lwdiv@dividend^0,f,c
   876   000320  5004               	movf	(___lwdiv@divisor+1)^0,w,c
   877   000322  5A02               	subwfb	(___lwdiv@dividend+1)^0,f,c
   878   000324  8005               	bsf	___lwdiv@quotient^0,0,c
   879   000326                     l1223:
   880   000326  90D8               	bcf	status,0,c
   881   000328  3204               	rrcf	(___lwdiv@divisor+1)^0,f,c
   882   00032A  3203               	rrcf	___lwdiv@divisor^0,f,c
   883   00032C  2E07               	decfsz	___lwdiv@counter^0,f,c
   884   00032E  D7ED               	goto	u380
   885   000330                     l649:
   886   000330  C005  F001         	movff	___lwdiv@quotient,?___lwdiv
   887   000334  C006  F002         	movff	___lwdiv@quotient+1,?___lwdiv+1
   888   000338  0012               	return		;funcret
   889   00033A                     __end_of___lwdiv:
   890                           	callstack 0
   891                           
   892 ;; *************** function ___lbmod *****************
   893 ;; Defined at:
   894 ;;		line 4 in file "C:\Program Files\Microchip\xc8\v2.41\pic\sources\c90\common\lbmod.c"
   895 ;; Parameters:    Size  Location     Type
   896 ;;  dividend        1    wreg     unsigned char 
   897 ;;  divisor         1    0[COMRAM] unsigned char 
   898 ;; Auto vars:     Size  Location     Type
   899 ;;  dividend        1    1[COMRAM] unsigned char 
   900 ;;  rem             1    3[COMRAM] unsigned char 
   901 ;;  counter         1    2[COMRAM] unsigned char 
   902 ;; Return value:  Size  Location     Type
   903 ;;                  1    wreg      unsigned char 
   904 ;; Registers used:
   905 ;;		wreg, status,2, status,0
   906 ;; Tracked objects:
   907 ;;		On entry : 0/0
   908 ;;		On exit  : 0/0
   909 ;;		Unchanged: 0/0
   910 ;; Data sizes:     COMRAM   BANK0   BANK1   BANK2   BANK3   BANK4   BANK5   BANK6   BANK7
   911 ;;      Params:         1       0       0       0       0       0       0       0       0
   912 ;;      Locals:         3       0       0       0       0       0       0       0       0
   913 ;;      Temps:          0       0       0       0       0       0       0       0       0
   914 ;;      Totals:         4       0       0       0       0       0       0       0       0
   915 ;;Total ram usage:        4 bytes
   916 ;; Hardware stack levels used: 1
   917 ;; Hardware stack levels required when called: 1
   918 ;; This function calls:
   919 ;;		Nothing
   920 ;; This function is called by:
   921 ;;		_main
   922 ;; This function uses a non-reentrant model
   923 ;;
   924                           
   925                           	psect	text2
   926   0003A2                     __ptext2:
   927                           	callstack 0
   928   0003A2                     ___lbmod:
   929                           	callstack 29
   930                           
   931                           ;incstack = 0
   932                           ;___lbmod@dividend stored from wreg
   933   0003A2  6E02               	movwf	___lbmod@dividend^0,c
   934   0003A4  0E08               	movlw	8
   935   0003A6  6E03               	movwf	___lbmod@counter^0,c
   936   0003A8  0E00               	movlw	0
   937   0003AA  6E04               	movwf	___lbmod@rem^0,c
   938   0003AC                     l1191:
   939   0003AC  90D8               	bcf	status,0,c
   940   0003AE  3402               	rlcf	___lbmod@dividend^0,w,c
   941   0003B0  3404               	rlcf	___lbmod@rem^0,w,c
   942   0003B2  6E04               	movwf	___lbmod@rem^0,c
   943   0003B4  90D8               	bcf	status,0,c
   944   0003B6  3602               	rlcf	___lbmod@dividend^0,f,c
   945   0003B8  5001               	movf	___lbmod@divisor^0,w,c
   946   0003BA  5C04               	subwf	___lbmod@rem^0,w,c
   947   0003BC  A0D8               	btfss	status,0,c
   948   0003BE  D002               	goto	l1199
   949   0003C0  5001               	movf	___lbmod@divisor^0,w,c
   950   0003C2  5E04               	subwf	___lbmod@rem^0,f,c
   951   0003C4                     l1199:
   952   0003C4  2E03               	decfsz	___lbmod@counter^0,f,c
   953   0003C6  D7F2               	goto	l1191
   954   0003C8  5004               	movf	___lbmod@rem^0,w,c
   955   0003CA  0012               	return		;funcret
   956   0003CC                     __end_of___lbmod:
   957                           	callstack 0
   958                           
   959 ;; *************** function ___lbdiv *****************
   960 ;; Defined at:
   961 ;;		line 4 in file "C:\Program Files\Microchip\xc8\v2.41\pic\sources\c90\common\lbdiv.c"
   962 ;; Parameters:    Size  Location     Type
   963 ;;  dividend        1    wreg     unsigned char 
   964 ;;  divisor         1    4[COMRAM] unsigned char 
   965 ;; Auto vars:     Size  Location     Type
   966 ;;  dividend        1    5[COMRAM] unsigned char 
   967 ;;  quotient        1    7[COMRAM] unsigned char 
   968 ;;  counter         1    6[COMRAM] unsigned char 
   969 ;; Return value:  Size  Location     Type
   970 ;;                  1    wreg      unsigned char 
   971 ;; Registers used:
   972 ;;		wreg, status,2, status,0
   973 ;; Tracked objects:
   974 ;;		On entry : 0/0
   975 ;;		On exit  : 0/0
   976 ;;		Unchanged: 0/0
   977 ;; Data sizes:     COMRAM   BANK0   BANK1   BANK2   BANK3   BANK4   BANK5   BANK6   BANK7
   978 ;;      Params:         1       0       0       0       0       0       0       0       0
   979 ;;      Locals:         3       0       0       0       0       0       0       0       0
   980 ;;      Temps:          0       0       0       0       0       0       0       0       0
   981 ;;      Totals:         4       0       0       0       0       0       0       0       0
   982 ;;Total ram usage:        4 bytes
   983 ;; Hardware stack levels used: 1
   984 ;; Hardware stack levels required when called: 1
   985 ;; This function calls:
   986 ;;		Nothing
   987 ;; This function is called by:
   988 ;;		_main
   989 ;; This function uses a non-reentrant model
   990 ;;
   991                           
   992                           	psect	text3
   993   00033A                     __ptext3:
   994                           	callstack 0
   995   00033A                     ___lbdiv:
   996                           	callstack 29
   997                           
   998                           ;incstack = 0
   999                           ;___lbdiv@dividend stored from wreg
  1000   00033A  6E06               	movwf	___lbdiv@dividend^0,c
  1001   00033C  0E00               	movlw	0
  1002   00033E  6E08               	movwf	___lbdiv@quotient^0,c
  1003   000340  5005               	movf	___lbdiv@divisor^0,w,c
  1004   000342  B4D8               	btfsc	status,2,c
  1005   000344  D015               	goto	l1185
  1006   000346  0E01               	movlw	1
  1007   000348  6E07               	movwf	___lbdiv@counter^0,c
  1008   00034A  D003               	goto	l1173
  1009   00034C                     l1169:
  1010   00034C  90D8               	bcf	status,0,c
  1011   00034E  3605               	rlcf	___lbdiv@divisor^0,f,c
  1012   000350  2A07               	incf	___lbdiv@counter^0,f,c
  1013   000352                     l1173:
  1014   000352  AE05               	btfss	___lbdiv@divisor^0,7,c
  1015   000354  D7FB               	goto	l1169
  1016   000356                     u340:
  1017   000356  90D8               	bcf	status,0,c
  1018   000358  3608               	rlcf	___lbdiv@quotient^0,f,c
  1019   00035A  5005               	movf	___lbdiv@divisor^0,w,c
  1020   00035C  5C06               	subwf	___lbdiv@dividend^0,w,c
  1021   00035E  A0D8               	btfss	status,0,c
  1022   000360  D003               	goto	l1181
  1023   000362  5005               	movf	___lbdiv@divisor^0,w,c
  1024   000364  5E06               	subwf	___lbdiv@dividend^0,f,c
  1025   000366  8008               	bsf	___lbdiv@quotient^0,0,c
  1026   000368                     l1181:
  1027   000368  90D8               	bcf	status,0,c
  1028   00036A  3205               	rrcf	___lbdiv@divisor^0,f,c
  1029   00036C  2E07               	decfsz	___lbdiv@counter^0,f,c
  1030   00036E  D7F3               	goto	u340
  1031   000370                     l1185:
  1032   000370  5008               	movf	___lbdiv@quotient^0,w,c
  1033   000372  0012               	return		;funcret
  1034   000374                     __end_of___lbdiv:
  1035                           	callstack 0
  1036                           
  1037 ;; *************** function _Transmitir *****************
  1038 ;; Defined at:
  1039 ;;		line 152 in file "C:/Users/dsone/MPLABXProjects/Proyecto_Sensores.X/Proyecto_Sensores.c"
  1040 ;; Parameters:    Size  Location     Type
  1041 ;;  BufferT         1    wreg     unsigned char 
  1042 ;; Auto vars:     Size  Location     Type
  1043 ;;  BufferT         1    0[COMRAM] unsigned char 
  1044 ;; Return value:  Size  Location     Type
  1045 ;;                  1    wreg      void 
  1046 ;; Registers used:
  1047 ;;		wreg
  1048 ;; Tracked objects:
  1049 ;;		On entry : 0/0
  1050 ;;		On exit  : 0/0
  1051 ;;		Unchanged: 0/0
  1052 ;; Data sizes:     COMRAM   BANK0   BANK1   BANK2   BANK3   BANK4   BANK5   BANK6   BANK7
  1053 ;;      Params:         0       0       0       0       0       0       0       0       0
  1054 ;;      Locals:         1       0       0       0       0       0       0       0       0
  1055 ;;      Temps:          0       0       0       0       0       0       0       0       0
  1056 ;;      Totals:         1       0       0       0       0       0       0       0       0
  1057 ;;Total ram usage:        1 bytes
  1058 ;; Hardware stack levels used: 1
  1059 ;; Hardware stack levels required when called: 1
  1060 ;; This function calls:
  1061 ;;		Nothing
  1062 ;; This function is called by:
  1063 ;;		_main
  1064 ;; This function uses a non-reentrant model
  1065 ;;
  1066                           
  1067                           	psect	text4
  1068   0003CC                     __ptext4:
  1069                           	callstack 0
  1070   0003CC                     _Transmitir:
  1071                           	callstack 29
  1072                           
  1073                           ;incstack = 0
  1074                           ;Transmitir@BufferT stored from wreg
  1075   0003CC  6E01               	movwf	Transmitir@BufferT^0,c
  1076   0003CE                     
  1077                           ;Proyecto_Sensores.c: 153: while(TRMT==0);
  1078   0003CE  A2AC               	btfss	4012,1,c	;volatile
  1079   0003D0  D7FE               	goto	l915
  1080                           
  1081                           ;Proyecto_Sensores.c: 154: TXREG=BufferT;
  1082   0003D2  C001  FFAD         	movff	Transmitir@BufferT,4013	;volatile
  1083   0003D6  0012               	return		;funcret
  1084   0003D8                     __end_of_Transmitir:
  1085                           	callstack 0
  1086                           
  1087 ;; *************** function _ISR *****************
  1088 ;; Defined at:
  1089 ;;		line 156 in file "C:/Users/dsone/MPLABXProjects/Proyecto_Sensores.X/Proyecto_Sensores.c"
  1090 ;; Parameters:    Size  Location     Type
  1091 ;;		None
  1092 ;; Auto vars:     Size  Location     Type
  1093 ;;		None
  1094 ;; Return value:  Size  Location     Type
  1095 ;;                  1    wreg      void 
  1096 ;; Registers used:
  1097 ;;		wreg, status,2, status,0
  1098 ;; Tracked objects:
  1099 ;;		On entry : 0/0
  1100 ;;		On exit  : 0/0
  1101 ;;		Unchanged: 0/0
  1102 ;; Data sizes:     COMRAM   BANK0   BANK1   BANK2   BANK3   BANK4   BANK5   BANK6   BANK7
  1103 ;;      Params:         0       0       0       0       0       0       0       0       0
  1104 ;;      Locals:         0       0       0       0       0       0       0       0       0
  1105 ;;      Temps:          0       0       0       0       0       0       0       0       0
  1106 ;;      Totals:         0       0       0       0       0       0       0       0       0
  1107 ;;Total ram usage:        0 bytes
  1108 ;; Hardware stack levels used: 1
  1109 ;; This function calls:
  1110 ;;		Nothing
  1111 ;; This function is called by:
  1112 ;;		Interrupt level 2
  1113 ;; This function uses a non-reentrant model
  1114 ;;
  1115                           
  1116                           	psect	intcode
  1117   000008                     __pintcode:
  1118                           	callstack 0
  1119   000008                     _ISR:
  1120                           	callstack 29
  1121                           
  1122                           ;incstack = 0
  1123   000008  8212               	bsf	btemp,1,c	;set compiler interrupt flag (level 2)
  1124   00000A  ED48  F001         	call	int_func,f	;refresh shadow registers
  1125                           
  1126                           	psect	intcode_body
  1127   000290                     __pintcode_body:
  1128                           	callstack 29
  1129   000290                     int_func:
  1130                           	callstack 29
  1131   000290  0006               	pop		; remove dummy address from shadow register refresh
  1132                           
  1133                           ;Proyecto_Sensores.c: 157: if(TMR3IF==1){
  1134   000292  A2A1               	btfss	4001,1,c	;volatile
  1135   000294  D00D               	goto	i2l1147
  1136                           
  1137                           ;Proyecto_Sensores.c: 158: TMR3IF=0;
  1138   000296  92A1               	bcf	4001,1,c	;volatile
  1139                           
  1140                           ;Proyecto_Sensores.c: 159: TMR3=25536;
  1141   000298  0E63               	movlw	99
  1142   00029A  6EB3               	movwf	179,c	;volatile
  1143   00029C  0EC0               	movlw	192
  1144   00029E  6EB2               	movwf	178,c	;volatile
  1145                           
  1146                           ;Proyecto_Sensores.c: 160: CCPR2=25536+a;
  1147   0002A0  0EC0               	movlw	192
  1148   0002A2  240E               	addwf	_a^0,w,c
  1149   0002A4  6EBB               	movwf	187,c	;volatile
  1150   0002A6  0E63               	movlw	99
  1151   0002A8  200F               	addwfc	(_a+1)^0,w,c
  1152   0002AA  6EBC               	movwf	188,c	;volatile
  1153                           
  1154                           ;Proyecto_Sensores.c: 161: CCP2CON=0b00001001;
  1155   0002AC  0E09               	movlw	9
  1156   0002AE  6EBA               	movwf	186,c	;volatile
  1157   0002B0                     i2l1147:
  1158                           
  1159                           ;Proyecto_Sensores.c: 162: };Proyecto_Sensores.c: 163: if(RBIF==1){
  1160   0002B0  A0F2               	btfss	4082,0,c	;volatile
  1161   0002B2  D018               	goto	i2l164
  1162                           
  1163                           ;Proyecto_Sensores.c: 164: if(PORTB!=0b11110000){
  1164   0002B4  0EF0               	movlw	240
  1165   0002B6  1881               	xorwf	129,w,c	;volatile
  1166   0002B8  A4D8               	btfss	status,2,c
  1167                           
  1168                           ;Proyecto_Sensores.c: 165: if(RA1==1){
  1169   0002BA  A280               	btfss	3968,1,c	;volatile
  1170   0002BC  D012               	goto	i2u32_40
  1171                           
  1172                           ;Proyecto_Sensores.c: 167: RA0=1;
  1173   0002BE  8080               	bsf	3968,0,c	;volatile
  1174                           
  1175                           ;Proyecto_Sensores.c: 168: while(RA1==1){
  1176   0002C0  D00E               	goto	i2l1161
  1177   0002C2                     i2l1155:
  1178                           
  1179                           ;Proyecto_Sensores.c: 169: _delay((unsigned long)((500)*(8000000/4000000.0)));
  1180   0002C2  0EC8               	movlw	200
  1181   0002C4                     i2u66_47:
  1182   0002C4  D000               	nop2	
  1183   0002C6  2EE8               	decfsz	wreg,f,c
  1184   0002C8  D7FD               	bra	i2u66_47
  1185                           
  1186                           ;Proyecto_Sensores.c: 170: RA3=1;
  1187   0002CA  8680               	bsf	3968,3,c	;volatile
  1188                           
  1189                           ;Proyecto_Sensores.c: 172: _delay((unsigned long)((250)*(8000000/4000000.0)));
  1190   0002CC  0EA6               	movlw	166
  1191   0002CE                     i2u67_47:
  1192   0002CE  2EE8               	decfsz	wreg,f,c
  1193   0002D0  D7FE               	bra	i2u67_47
  1194   0002D2  D000               	nop2	
  1195                           
  1196                           ;Proyecto_Sensores.c: 173: _delay((unsigned long)((250)*(8000000/4000000.0)));
  1197   0002D4  0EA6               	movlw	166
  1198   0002D6                     i2u68_47:
  1199   0002D6  2EE8               	decfsz	wreg,f,c
  1200   0002D8  D7FE               	bra	i2u68_47
  1201   0002DA  D000               	nop2	
  1202                           
  1203                           ;Proyecto_Sensores.c: 175: RA3=0;
  1204   0002DC  9680               	bcf	3968,3,c	;volatile
  1205   0002DE                     i2l1161:
  1206   0002DE  B280               	btfsc	3968,1,c	;volatile
  1207   0002E0  D7F0               	goto	i2l1155
  1208   0002E2                     i2u32_40:
  1209                           
  1210                           ;Proyecto_Sensores.c: 178: };Proyecto_Sensores.c: 180: };Proyecto_Sensores.c: 188: } RBI
      +                          F=0;
  1211   0002E2  90F2               	bcf	4082,0,c	;volatile
  1212   0002E4                     i2l164:
  1213   0002E4  9212               	bcf	btemp,1,c	;clear compiler interrupt flag (level 2)
  1214   0002E6  0011               	retfie		f
  1215   0002E8                     __end_of_ISR:
  1216                           	callstack 0
  1217   000000                     
  1218                           	psect	rparam
  1219   000000                     
  1220                           	psect	temp
  1221   000012                     btemp:
  1222                           	callstack 0
  1223   000012                     	ds	1
  1224   000000                     int$flags	set	btemp
  1225   000000                     wtemp8	set	btemp+1
  1226   000000                     ttemp5	set	btemp+1
  1227   000000                     ttemp6	set	btemp+4
  1228   000000                     ttemp7	set	btemp+8
  1229                           
  1230                           	psect	idloc
  1231                           
  1232                           ;Config register IDLOC0 @ 0x200000
  1233                           ;	unspecified, using default values
  1234   200000                     	org	2097152
  1235   200000  FF                 	db	255
  1236                           
  1237                           ;Config register IDLOC1 @ 0x200001
  1238                           ;	unspecified, using default values
  1239   200001                     	org	2097153
  1240   200001  FF                 	db	255
  1241                           
  1242                           ;Config register IDLOC2 @ 0x200002
  1243                           ;	unspecified, using default values
  1244   200002                     	org	2097154
  1245   200002  FF                 	db	255
  1246                           
  1247                           ;Config register IDLOC3 @ 0x200003
  1248                           ;	unspecified, using default values
  1249   200003                     	org	2097155
  1250   200003  FF                 	db	255
  1251                           
  1252                           ;Config register IDLOC4 @ 0x200004
  1253                           ;	unspecified, using default values
  1254   200004                     	org	2097156
  1255   200004  FF                 	db	255
  1256                           
  1257                           ;Config register IDLOC5 @ 0x200005
  1258                           ;	unspecified, using default values
  1259   200005                     	org	2097157
  1260   200005  FF                 	db	255
  1261                           
  1262                           ;Config register IDLOC6 @ 0x200006
  1263                           ;	unspecified, using default values
  1264   200006                     	org	2097158
  1265   200006  FF                 	db	255
  1266                           
  1267                           ;Config register IDLOC7 @ 0x200007
  1268                           ;	unspecified, using default values
  1269   200007                     	org	2097159
  1270   200007  FF                 	db	255
  1271                           
  1272                           	psect	config
  1273                           
  1274                           ;Config register CONFIG1L @ 0x300000
  1275                           ;	unspecified, using default values
  1276                           ;	PLL Prescaler Selection bits
  1277                           ;	PLLDIV = 0x0, unprogrammed default
  1278                           ;	System Clock Postscaler Selection bits
  1279                           ;	CPUDIV = 0x0, unprogrammed default
  1280                           ;	USB Clock Selection bit (used in Full-Speed USB mode only; UCFG:FSEN = 1)
  1281                           ;	USBDIV = 0x0, unprogrammed default
  1282   300000                     	org	3145728
  1283   300000  00                 	db	0
  1284                           
  1285                           ;Config register CONFIG1H @ 0x300001
  1286                           ;	Oscillator Selection bits
  1287                           ;	FOSC = INTOSC_EC, Internal oscillator, CLKO function on RA6, EC used by USB (INTCKO)
  1288                           ;	Fail-Safe Clock Monitor Enable bit
  1289                           ;	FCMEN = 0x0, unprogrammed default
  1290                           ;	Internal/External Oscillator Switchover bit
  1291                           ;	IESO = 0x0, unprogrammed default
  1292   300001                     	org	3145729
  1293   300001  09                 	db	9
  1294                           
  1295                           ;Config register CONFIG2L @ 0x300002
  1296                           ;	unspecified, using default values
  1297                           ;	Power-up Timer Enable bit
  1298                           ;	PWRT = 0x1, unprogrammed default
  1299                           ;	Brown-out Reset Enable bits
  1300                           ;	BOR = 0x3, unprogrammed default
  1301                           ;	Brown-out Reset Voltage bits
  1302                           ;	BORV = 0x3, unprogrammed default
  1303                           ;	USB Voltage Regulator Enable bit
  1304                           ;	VREGEN = 0x0, unprogrammed default
  1305   300002                     	org	3145730
  1306   300002  1F                 	db	31
  1307                           
  1308                           ;Config register CONFIG2H @ 0x300003
  1309                           ;	Watchdog Timer Enable bit
  1310                           ;	WDT = OFF, WDT disabled (control is placed on the SWDTEN bit)
  1311                           ;	Watchdog Timer Postscale Select bits
  1312                           ;	WDTPS = 0xF, unprogrammed default
  1313   300003                     	org	3145731
  1314   300003  1E                 	db	30
  1315                           
  1316                           ; Padding undefined space
  1317   300004                     	org	3145732
  1318   300004  FF                 	db	255
  1319                           
  1320                           ;Config register CONFIG3H @ 0x300005
  1321                           ;	CCP2 MUX bit
  1322                           ;	CCP2MX = 0x1, unprogrammed default
  1323                           ;	PORTB A/D Enable bit
  1324                           ;	PBADEN = OFF, PORTB<4:0> pins are configured as digital I/O on Reset
  1325                           ;	Low-Power Timer 1 Oscillator Enable bit
  1326                           ;	LPT1OSC = 0x0, unprogrammed default
  1327                           ;	MCLR Pin Enable bit
  1328                           ;	MCLRE = 0x1, unprogrammed default
  1329   300005                     	org	3145733
  1330   300005  81                 	db	129
  1331                           
  1332                           ;Config register CONFIG4L @ 0x300006
  1333                           ;	Stack Full/Underflow Reset Enable bit
  1334                           ;	STVREN = 0x1, unprogrammed default
  1335                           ;	Single-Supply ICSP Enable bit
  1336                           ;	LVP = OFF, Single-Supply ICSP disabled
  1337                           ;	Dedicated In-Circuit Debug/Programming Port (ICPORT) Enable bit
  1338                           ;	ICPRT = 0x0, unprogrammed default
  1339                           ;	Extended Instruction Set Enable bit
  1340                           ;	XINST = 0x0, unprogrammed default
  1341                           ;	Background Debugger Enable bit
  1342                           ;	DEBUG = 0x1, unprogrammed default
  1343   300006                     	org	3145734
  1344   300006  81                 	db	129
  1345                           
  1346                           ; Padding undefined space
  1347   300007                     	org	3145735
  1348   300007  FF                 	db	255
  1349                           
  1350                           ;Config register CONFIG5L @ 0x300008
  1351                           ;	unspecified, using default values
  1352                           ;	Code Protection bit
  1353                           ;	CP0 = 0x1, unprogrammed default
  1354                           ;	Code Protection bit
  1355                           ;	CP1 = 0x1, unprogrammed default
  1356                           ;	Code Protection bit
  1357                           ;	CP2 = 0x1, unprogrammed default
  1358                           ;	Code Protection bit
  1359                           ;	CP3 = 0x1, unprogrammed default
  1360   300008                     	org	3145736
  1361   300008  0F                 	db	15
  1362                           
  1363                           ;Config register CONFIG5H @ 0x300009
  1364                           ;	unspecified, using default values
  1365                           ;	Boot Block Code Protection bit
  1366                           ;	CPB = 0x1, unprogrammed default
  1367                           ;	Data EEPROM Code Protection bit
  1368                           ;	CPD = 0x1, unprogrammed default
  1369   300009                     	org	3145737
  1370   300009  C0                 	db	192
  1371                           
  1372                           ;Config register CONFIG6L @ 0x30000A
  1373                           ;	unspecified, using default values
  1374                           ;	Write Protection bit
  1375                           ;	WRT0 = 0x1, unprogrammed default
  1376                           ;	Write Protection bit
  1377                           ;	WRT1 = 0x1, unprogrammed default
  1378                           ;	Write Protection bit
  1379                           ;	WRT2 = 0x1, unprogrammed default
  1380                           ;	Write Protection bit
  1381                           ;	WRT3 = 0x1, unprogrammed default
  1382   30000A                     	org	3145738
  1383   30000A  0F                 	db	15
  1384                           
  1385                           ;Config register CONFIG6H @ 0x30000B
  1386                           ;	unspecified, using default values
  1387                           ;	Configuration Register Write Protection bit
  1388                           ;	WRTC = 0x1, unprogrammed default
  1389                           ;	Boot Block Write Protection bit
  1390                           ;	WRTB = 0x1, unprogrammed default
  1391                           ;	Data EEPROM Write Protection bit
  1392                           ;	WRTD = 0x1, unprogrammed default
  1393   30000B                     	org	3145739
  1394   30000B  E0                 	db	224
  1395                           
  1396                           ;Config register CONFIG7L @ 0x30000C
  1397                           ;	unspecified, using default values
  1398                           ;	Table Read Protection bit
  1399                           ;	EBTR0 = 0x1, unprogrammed default
  1400                           ;	Table Read Protection bit
  1401                           ;	EBTR1 = 0x1, unprogrammed default
  1402                           ;	Table Read Protection bit
  1403                           ;	EBTR2 = 0x1, unprogrammed default
  1404                           ;	Table Read Protection bit
  1405                           ;	EBTR3 = 0x1, unprogrammed default
  1406   30000C                     	org	3145740
  1407   30000C  0F                 	db	15
  1408                           
  1409                           ;Config register CONFIG7H @ 0x30000D
  1410                           ;	unspecified, using default values
  1411                           ;	Boot Block Table Read Protection bit
  1412                           ;	EBTRB = 0x1, unprogrammed default
  1413   30000D                     	org	3145741
  1414   30000D  40                 	db	64
  1415                           tosu	equ	0xFFF
  1416                           tosh	equ	0xFFE
  1417                           tosl	equ	0xFFD
  1418                           stkptr	equ	0xFFC
  1419                           pclatu	equ	0xFFB
  1420                           pclath	equ	0xFFA
  1421                           pcl	equ	0xFF9
  1422                           tblptru	equ	0xFF8
  1423                           tblptrh	equ	0xFF7
  1424                           tblptrl	equ	0xFF6
  1425                           tablat	equ	0xFF5
  1426                           prodh	equ	0xFF4
  1427                           prodl	equ	0xFF3
  1428                           indf0	equ	0xFEF
  1429                           postinc0	equ	0xFEE
  1430                           postdec0	equ	0xFED
  1431                           preinc0	equ	0xFEC
  1432                           plusw0	equ	0xFEB
  1433                           fsr0h	equ	0xFEA
  1434                           fsr0l	equ	0xFE9
  1435                           wreg	equ	0xFE8
  1436                           indf1	equ	0xFE7
  1437                           postinc1	equ	0xFE6
  1438                           postdec1	equ	0xFE5
  1439                           preinc1	equ	0xFE4
  1440                           plusw1	equ	0xFE3
  1441                           fsr1h	equ	0xFE2
  1442                           fsr1l	equ	0xFE1
  1443                           bsr	equ	0xFE0
  1444                           indf2	equ	0xFDF
  1445                           postinc2	equ	0xFDE
  1446                           postdec2	equ	0xFDD
  1447                           preinc2	equ	0xFDC
  1448                           plusw2	equ	0xFDB
  1449                           fsr2h	equ	0xFDA
  1450                           fsr2l	equ	0xFD9
  1451                           status	equ	0xFD8

Data Sizes:
    Strings     0
    Constant    0
    Data        4
    BSS         2
    Persistent  0
    Stack       0

Auto Spaces:
    Space          Size  Autos    Used
    COMRAM           94     11      17
    BANK0           160      0       0
    BANK1           256      0       0
    BANK2           256      0       0
    BANK3           256      0       0
    BANK4           256      0       0
    BANK5           256      0       0
    BANK6           256      0       0
    BANK7           256      0       0

Pointer List with Targets:

    None.

Critical Paths under _main in COMRAM

    _main->___lbdiv
    ___lbdiv->___lbmod

Critical Paths under _ISR in COMRAM

    None.

Critical Paths under _main in BANK0

    None.

Critical Paths under _ISR in BANK0

    None.

Critical Paths under _main in BANK1

    None.

Critical Paths under _ISR in BANK1

    None.

Critical Paths under _main in BANK2

    None.

Critical Paths under _ISR in BANK2

    None.

Critical Paths under _main in BANK3

    None.

Critical Paths under _ISR in BANK3

    None.

Critical Paths under _main in BANK4

    None.

Critical Paths under _ISR in BANK4

    None.

Critical Paths under _main in BANK5

    None.

Critical Paths under _ISR in BANK5

    None.

Critical Paths under _main in BANK6

    None.

Critical Paths under _ISR in BANK6

    None.

Critical Paths under _main in BANK7

    None.

Critical Paths under _ISR in BANK7

    None.

Call Graph Tables:

 ---------------------------------------------------------------------------------
 (Depth) Function   	        Calls       Base Space   Used Autos Params    Refs
 ---------------------------------------------------------------------------------
 (0) _main                                                 5     5      0    1656
                                              8 COMRAM     3     3      0
                         _Transmitir
                            ___lbdiv
                            ___lbmod
                            ___lwdiv
 ---------------------------------------------------------------------------------
 (1) ___lwdiv                                              7     3      4     770
                                              0 COMRAM     7     3      4
 ---------------------------------------------------------------------------------
 (1) ___lbmod                                              4     3      1     311
                                              0 COMRAM     4     3      1
 ---------------------------------------------------------------------------------
 (1) ___lbdiv                                              4     3      1     314
                                              4 COMRAM     4     3      1
                            ___lbmod (ARG)
 ---------------------------------------------------------------------------------
 (1) _Transmitir                                           1     1      0      15
                                              0 COMRAM     1     1      0
 ---------------------------------------------------------------------------------
 Estimated maximum stack depth 1
 ---------------------------------------------------------------------------------
 (Depth) Function   	        Calls       Base Space   Used Autos Params    Refs
 ---------------------------------------------------------------------------------
 (2) _ISR                                                  0     0      0       0
 ---------------------------------------------------------------------------------
 Estimated maximum stack depth 2
 ---------------------------------------------------------------------------------

 Call Graph Graphs:

 _main (ROOT)
   _Transmitir
   ___lbdiv
     ___lbmod (ARG)
   ___lbmod
   ___lwdiv

 _ISR (ROOT)

 Address spaces:
Name               Size   Autos  Total    Cost      Usage
BIGRAM             7FF      0       0      37        0.0%
EEDATA             100      0       0       0        0.0%
BITBANK7           100      0       0      18        0.0%
BANK7              100      0       0      19        0.0%
BITBANK6           100      0       0      16        0.0%
BANK6              100      0       0      17        0.0%
BITBANK5           100      0       0      14        0.0%
BANK5              100      0       0      15        0.0%
BITBANK4           100      0       0      12        0.0%
BANK4              100      0       0      13        0.0%
BITBANK3           100      0       0      10        0.0%
BANK3              100      0       0      11        0.0%
BITBANK2           100      0       0       8        0.0%
BANK2              100      0       0       9        0.0%
BITBANK1           100      0       0       6        0.0%
BANK1              100      0       0       7        0.0%
BITBANK0            A0      0       0       4        0.0%
BANK0               A0      0       0       5        0.0%
BITCOMRAM           5E      0       0       0        0.0%
COMRAM              5E      B      11       1       18.1%
BITBIGSFRllllll     20      0       0      35        0.0%
BITBIGSFRhl         1D      0       0      21        0.0%
BITBIGSFRhh          D      0       0      20        0.0%
BITBIGSFRlhl         B      0       0      23        0.0%
BITBIGSFRllhhlh      9      0       0      29        0.0%
BITBIGSFRllhhll      8      0       0      31        0.0%
BITBIGSFRlllllh      7      0       0      34        0.0%
BITBIGSFRlllh        5      0       0      32        0.0%
BITBIGSFRllhhhl      4      0       0      26        0.0%
BITBIGSFRlhh         3      0       0      22        0.0%
BITBIGSFRllhhll      1      0       0      30        0.0%
BITBIGSFRllllh       1      0       0      33        0.0%
BITBIGSFRllhhlh      1      0       0      27        0.0%
BITBIGSFRllhhhl      1      0       0      25        0.0%
BITBIGSFRllhhlh      1      0       0      28        0.0%
BITBIGSFRllhhhh      1      0       0      24        0.0%
BIGSFR               0      0       0     200        0.0%
BITSFR               0      0       0     200        0.0%
SFR                  0      0       0     200        0.0%
STACK                0      0       0       2        0.0%
NULL                 0      0       0       0        0.0%
ABS                  0      0      11      36        0.0%
DATA                 0      0      11       3        0.0%
CODE                 0      0       0       0        0.0%


Microchip Technology PIC18 Macro Assembler V2.41 build 20230208172133 
Symbol Table                                                                                   Wed Jun 28 04:02:01 2023

                      _a 000E                        _b 000C        Transmitir@BufferT 0001  
                    l120 012A                      l112 00CC                      l131 01C2  
                    l123 0164                      l115 0106                      l141 022A  
                    l133 01E0                      l125 0182                      l117 0124  
                    l109 00C6                      l136 01E6                      l128 0188  
                    l649 0330                      l915 03CE                      _GIE 7F97  
                    _RA0 7C00                      _RA1 7C01                      _RA2 7C02  
                    _RA3 7C03                      _RC2 7C12                      u340 0356  
                    u380 030A                      _ISR 0008                      u607 0080  
                    u617 00BE                      u627 011C                      u637 017A  
                    u647 01D8                      u657 0282                      u597 0028  
                    wreg 0FE8                     ?_ISR 0001                     l1211 02FE  
                   l1213 0306                     l1223 0326                     l1181 0368  
                   l1173 0352                     l1191 03AC                     l1169 034C  
                   l1185 0370                     l1371 023A                     l1363 0220  
                   l1285 0098                     l1199 03C4                     l1367 022C  
                   l1289 00A0                     _LATB 0F8A                     _LATD 0F8C  
                   _PEIE 7F96                     _RBIE 7F93                     _RBIF 7F90  
                   _RBPU 7F8F                     _TMR1 0FCE                     _TMR3 0FB2  
                   _TRMT 7D61                     _main 0012                     fsr1l 0FE1  
                   btemp 0012                     start 000E             ___param_bank 0000  
                  ??_ISR 0001                    ?_main 0001          __end_of___lbdiv 0374  
                  _CCPR1 0FBE                    _CCPR2 0FBB          __end_of___lbmod 03CC  
                  _T1CON 0FCD                    _T3CON 0FB1                    _LATD0 7C60  
                  _LATD1 7C61                    _LATD2 7C62                    _LATD3 7C63  
        __end_of___lwdiv 033A                    i2l164 02E4                    _RCSTA 0FAB  
                  _SPBRG 0FAF                    _PORTB 0F81                    _TRISB 0F93  
                  _TRISD 0F95                    _TXREG 0FAD                    _TXSTA 0FAC  
                  main@d 000B                    tablat 0FF5                    ttemp5 0013  
                  ttemp6 0016                    ttemp7 001A                    status 0FD8  
                  wtemp8 0013          ___lbdiv@divisor 0005          ___lbdiv@counter 0007  
        __initialization 0374             __end_of_main 0290                   ??_main 0009  
          __activetblptr 0000                   _ADCON1 0FC1                   _CCP1IF 7CF2  
                 i2l1161 02DE                   i2l1155 02C2                   i2l1147 02B0  
                 _OSCCON 0FD3                   _TMR3IE 7D01                   _TMR3IF 7D09  
                 _TMR1ON 7E68                   _TMR3ON 7D88                   _TRISA0 7C90  
                 _TRISA1 7C91                   _TRISA2 7C92                   _TRISA3 7C93  
                 _TRISC1 7CA1                ??___lbdiv 0006                ??___lbmod 0002  
              ??___lwdiv 0005                   isa$std 0001             __pdataCOMRAM 000C  
                 tblptrh 0FF7                   tblptrl 0FF6                   tblptru 0FF8  
             _Transmitir 03CC         ___lbdiv@dividend 0006          ___lbmod@divisor 0001  
             __accesstop 0060  __end_of__initialization 0398          ___lbmod@counter 0003  
          ___rparam_used 0001           __pcstackCOMRAM 0001         ___lbdiv@quotient 0008  
                _CCP1CON 0FBD                  _CCP2CON 0FBA                  _BAUDCON 0FB8  
                i2u32_40 02E2                  i2u66_47 02C4                  i2u67_47 02CE  
                i2u68_47 02D6              ?_Transmitir 0001                  __Hparam 0000  
                __Lparam 0000                  ___lbdiv 033A                  ___lbmod 03A2  
                ___lwdiv 02E8                  _bandera 0011                  __pcinit 0374  
                __ramtop 0800                  __ptext0 0012                  __ptext1 02E8  
                __ptext2 03A2                  __ptext3 033A                  __ptext4 03CC  
         __pintcode_body 0290     end_of_initialization 0398                  int_func 0290  
                postdec1 0FE5                  postinc0 0FEE         ___lbmod@dividend 0002  
            ___lbmod@rem 0004            __pidataCOMRAM 03D8      start_initialization 0374  
            __end_of_ISR 02E8              __pbssCOMRAM 0010             ??_Transmitir 0001  
       ___lwdiv@dividend 0001                __pintcode 0008                 ?___lbdiv 0005  
               ?___lbmod 0001                 ?___lwdiv 0001       __end_of_Transmitir 03D8  
       ___lwdiv@quotient 0005                copy_data0 0388                 __Hrparam 0000  
               __Lrparam 0000                 _bandera2 0010          ___lwdiv@divisor 0003  
        ___lwdiv@counter 0007                 isa$xinst 0000                 int$flags 0012  
               intlevel2 0000  
